{
  "RSpec": {
    "coverage": {
      "/Users/dianpan/Personal-Projects/roostify/doc-uploader/app/models/user.rb": [
        1,
        null,
        null,
        1,
        null,
        null,
        1,
        null
      ],
      "/Users/dianpan/Personal-Projects/roostify/doc-uploader/app/helpers/application_helper.rb": [
        1,
        null
      ],
      "/Users/dianpan/Personal-Projects/roostify/doc-uploader/app/helpers/pages_helper.rb": [
        1,
        null
      ],
      "/Users/dianpan/Personal-Projects/roostify/doc-uploader/app/controllers/documents_controller.rb": [
        1,
        1,
        null,
        1,
        1,
        null,
        null,
        1,
        3,
        3,
        3,
        3,
        3,
        3,
        null,
        null,
        1,
        1,
        3,
        null,
        null
      ],
      "/Users/dianpan/Personal-Projects/roostify/doc-uploader/app/controllers/application_controller.rb": [
        1,
        null,
        null,
        1,
        null
      ],
      "/Users/dianpan/Personal-Projects/roostify/doc-uploader/app/models/document.rb": [
        1,
        1,
        1,
        null,
        1,
        null,
        1,
        1,
        1,
        null,
        1,
        null,
        1,
        1,
        null,
        1,
        9,
        7,
        2,
        null,
        null,
        null,
        null,
        1,
        5,
        null,
        null,
        null
      ],
      "/Users/dianpan/Personal-Projects/roostify/doc-uploader/app/pdfs/doc_pdf.rb": [
        1,
        1,
        5,
        5,
        5,
        5,
        5,
        5,
        5,
        5,
        5,
        5,
        5,
        null,
        null,
        1,
        5,
        null,
        null,
        1,
        5,
        null,
        null,
        1,
        5,
        null,
        null
      ],
      "/Users/dianpan/Personal-Projects/roostify/doc-uploader/app/controllers/pages_controller.rb": [
        0,
        0,
        0,
        0,
        0,
        0
      ]
    },
    "timestamp": 1453148250
  }
}
